[INFO] 19:31:53:746 Cliente/(189152:189152): HOla! Soy un log
[INFO] 19:32:38:339 Cliente/(189309:189309): HOla! Soy un log
[INFO] 20:19:20:555 Cliente/(190530:190530): HOla! Soy un log
[INFO] 20:21:16:029 Cliente/(190993:190993): HOla! Soy un log
[INFO] 20:22:49:269 Cliente/(191334:191334): HOla! Soy un log
[INFO] 20:25:08:353 Cliente/(191831:191831): HOla! Soy un log
[INFO] 20:26:08:231 Cliente/(192161:192161): HOla! Soy un log
[INFO] 20:39:37:856 Cliente/(192582:192582): HOla! Soy un log
[INFO] 20:41:47:112 Cliente/(193060:193060): HOla! Soy un log
[INFO] 20:43:41:120 Cliente/(193367:193367): HOla! Soy un log
[INFO] 21:35:41:231 Cliente/(195842:195842): HOla! Soy un log
[INFO] 02:19:47:339 Cliente/(197791:197791): HOla! Soy un log
[INFO] 02:19:47:341 Cliente/(197791:197791): )È
[INFO] 02:21:27:272 Cliente/(198160:198160): HOla! Soy un log
[INFO] 02:21:27:275 Cliente/(198160:198160): )È
[INFO] 02:25:46:720 Cliente/(198726:198726): HOla! Soy un log
[INFO] 02:25:46:724 Cliente/(198726:198726): )È
[INFO] 02:55:06:606 Cliente/(200022:200022): HOla! Soy un log
[INFO] 02:55:06:611 Cliente/(200022:200022): valor
[INFO] 14:12:43:185 Cliente/(210187:210187): HOla! Soy un log
[INFO] 14:12:43:189 Cliente/(210187:210187): valor
[INFO] 14:16:28:663 Cliente/(210821:210821): HOla! Soy un log
[INFO] 14:16:28:669 Cliente/(210821:210821): valor
[INFO] 14:19:10:603 Cliente/(211136:211136): HOla! Soy un log
[INFO] 14:19:10:610 Cliente/(211136:211136): valor
[INFO] 14:24:27:104 Cliente/(211715:211715): HOla! Soy un log
[INFO] 14:24:27:107 Cliente/(211715:211715): valor
[INFO] 14:28:57:143 Cliente/(212318:212318): HOla! Soy un log
[INFO] 14:28:57:145 Cliente/(212318:212318): valor
[INFO] 15:22:09:812 Cliente/(214229:214229): HOla! Soy un log
[INFO] 15:22:09:817 Cliente/(214229:214229): valor
[INFO] 15:23:33:562 Cliente/(214668:214668): HOla! Soy un log
[INFO] 15:23:33:566 Cliente/(214668:214668): valor
[INFO] 15:29:26:265 Cliente/(215111:215111): HOla! Soy un log
[INFO] 15:29:26:268 Cliente/(215111:215111): valor
[INFO] 15:34:20:989 Cliente/(215835:215835): HOla! Soy un log
[INFO] 15:34:20:993 Cliente/(215835:215835): valor
[INFO] 20:01:29:899 Cliente/(217717:217717): HOla! Soy un log
[INFO] 20:01:29:901 Cliente/(217717:217717): valor
[INFO] 20:01:46:941 Cliente/(217717:217717): hola amigo
[INFO] 20:01:51:251 Cliente/(217717:217717): oaahh que onda
[INFO] 20:02:00:301 Cliente/(217717:217717): mm quiz a deba sacar el print jeje
[INFO] 20:03:59:771 Cliente/(218197:218197): HOla! Soy un log
[INFO] 20:03:59:773 Cliente/(218197:218197): valor
[INFO] 20:05:29:698 Cliente/(218421:218421): HOla! Soy un log
[INFO] 20:05:29:701 Cliente/(218421:218421): valor
[INFO] 20:11:01:478 Cliente/(219091:219091): HOla! Soy un log
[INFO] 20:11:01:483 Cliente/(219091:219091): valor
[INFO] 20:11:21:241 Cliente/(219091:219091): podra aparecer lo que escribo en consola endirecto?
[INFO] 20:11:26:833 Cliente/(219091:219091): bueno al parecer no
[INFO] 20:11:27:759 Cliente/(219091:219091): jeje
[INFO] 20:17:09:278 Cliente/(219603:219603): HOla! Soy un log
[INFO] 20:17:09:280 Cliente/(219603:219603): valor
[INFO] 20:17:12:895 Cliente/(219603:219603): hola
[INFO] 20:17:14:931 Cliente/(219603:219603): holaa
[INFO] 20:17:17:552 Cliente/(219603:219603): holaaa
[INFO] 20:24:08:704 Cliente/(220097:220097): HOla! Soy un log
[INFO] 20:24:08:705 Cliente/(220097:220097): valor
[INFO] 20:24:20:952 Cliente/(220097:220097): when the storm loose again
[INFO] 20:24:24:360 Cliente/(220097:220097): hola
[INFO] 20:24:27:434 Cliente/(220097:220097): va funcionado piola
[INFO] 03:13:22:656 Cliente/(223239:223239): HOla! Soy un log
[INFO] 03:13:22:661 Cliente/(223239:223239): valor
[INFO] 03:13:28:168 Cliente/(223239:223239): holaaa
[INFO] 03:13:30:711 Cliente/(223239:223239): holaaaaaaaaa
[INFO] 01:05:55:747 Cliente/(10093:10093): HOla! Soy un log
[INFO] 01:05:55:752 Cliente/(10093:10093): valor
[INFO] 01:06:00:230 Cliente/(10093:10093): holaaaaaa
[INFO] 01:06:04:308 Cliente/(10093:10093): HOLAAAAAAAAAAAAAAAAAAAAAA
[INFO] 01:10:29:838 Cliente/(10869:10869): HOla! Soy un log
[INFO] 01:10:29:869 Cliente/(10869:10869): valor
[INFO] 01:10:35:071 Cliente/(10869:10869): hola.
[INFO] 02:14:01:433 Cliente/(11715:11715): HOla! Soy un log
[INFO] 02:14:01:440 Cliente/(11715:11715): valor
[INFO] 02:16:33:405 Cliente/(12245:12245): HOla! Soy un log
[INFO] 02:16:33:412 Cliente/(12245:12245): valor
[INFO] 02:16:53:128 Cliente/(12374:12374): HOla! Soy un log
[INFO] 02:16:53:129 Cliente/(12374:12374): valor
[INFO] 02:19:02:993 Cliente/(12867:12867): HOla! Soy un log
[INFO] 02:19:02:997 Cliente/(12867:12867): valor
[INFO] 02:21:14:483 Cliente/(13384:13384): HOla! Soy un log
[INFO] 02:21:14:490 Cliente/(13384:13384): valor
[INFO] 17:17:47:171 Cliente/(14230:14230): HOla! Soy un log
[INFO] 17:17:47:176 Cliente/(14230:14230): valor
[INFO] 19:19:09:492 Cliente/(15252:15252): HOla! Soy un log
[INFO] 19:19:09:494 Cliente/(15252:15252): valor
[INFO] 19:40:47:992 Cliente/(17865:17865): HOla! Soy un log
[INFO] 19:40:47:994 Cliente/(17865:17865): valor
[INFO] 19:52:39:476 Cliente/(19247:19247): HOla! Soy un log
[INFO] 19:52:39:485 Cliente/(19247:19247): valor
[INFO] 20:15:11:950 Cliente/(20846:20846): HOla! Soy un log
[INFO] 20:15:11:954 Cliente/(20846:20846): valor
[INFO] 20:16:59:196 Cliente/(21299:21299): HOla! Soy un log
[INFO] 20:16:59:198 Cliente/(21299:21299): valor
[INFO] 20:34:56:716 Cliente/(22513:22513): HOla! Soy un log
[INFO] 20:34:56:719 Cliente/(22513:22513): valor
[INFO] 20:35:44:298 Cliente/(22691:22691): HOla! Soy un log
[INFO] 20:35:44:301 Cliente/(22691:22691): valor
[INFO] 20:36:25:500 Cliente/(22945:22945): HOla! Soy un log
[INFO] 20:36:25:504 Cliente/(22945:22945): valor
[INFO] 20:38:27:313 Cliente/(23169:23169): HOla! Soy un log
[INFO] 20:38:27:316 Cliente/(23169:23169): valor
[INFO] 20:47:12:154 Cliente/(23596:23596): HOla! Soy un log
[INFO] 20:47:12:158 Cliente/(23596:23596): valor
[INFO] 21:22:18:677 Cliente/(27011:27011): HOla! Soy un log
[INFO] 21:22:18:679 Cliente/(27011:27011): valor
[INFO] 21:31:14:274 Cliente/(28180:28180): HOla! Soy un log
[INFO] 21:31:14:280 Cliente/(28180:28180): valor
[INFO] 21:32:42:721 Cliente/(28408:28408): HOla! Soy un log
[INFO] 21:32:42:725 Cliente/(28408:28408): valor
[INFO] 21:32:58:634 Cliente/(28555:28555): HOla! Soy un log
[INFO] 21:32:58:637 Cliente/(28555:28555): valor
[INFO] 03:50:08:362 Cliente/(2433:2433): HOla! Soy un log
[INFO] 03:50:08:367 Cliente/(2433:2433): valor
